 
****************************************
Report : timing
        -path full
        -delay max
        -group in2reg
        -max_paths 1
Design : raven_soc
Version: T-2022.03-SP4
Date   : Tue May 13 18:03:08 2025
****************************************

 # A fanout number of 1000 was used for high fanout net computations.
Wire Load Model Mode: top

  Startpoint: ext_clk (clock source 'ext_clk')
  Endpoint: iomem_rdata_reg_26_
            (rising edge-triggered flip-flop clocked by pll_clk)
  Path Group: in2reg
  Path Type: max

  Des/Clust/Port     Wire Load Model       Library
  ------------------------------------------------
  raven_soc          8000                  saed14rvt_ss0p6v125c

  Point                                                   Incr       Path      Voltage
  ------------------------------------------------------------------------------------
  clock ext_clk (fall edge)                               2.00       2.00      
  input external delay                                    0.50       2.50 f    
  ext_clk (in)                                            0.00       2.50 f    
  U1639/X (SAEDRVT14_AO22_0P5)                            0.11       2.61 f    0.60
  U395/X (SAEDRVT14_MUX2_U_0P5)                           0.04       2.65 f    0.60
  U1858/X (SAEDRVT14_AO32_U_0P5)                          0.04       2.68 f    0.60
  iomem_rdata_reg_26_/D (SAEDRVT14_FSDPQ_V2LP_1)          0.00       2.69 f    0.60
  data arrival time                                                  2.69      

  clock pll_clk (rise edge)                               4.00       4.00      
  clock network delay (ideal)                             0.10       4.10      
  clock uncertainty                                      -1.00       3.10      
  iomem_rdata_reg_26_/CK (SAEDRVT14_FSDPQ_V2LP_1)         0.00       3.10 r    
  library setup time                                     -0.03       3.07      
  data required time                                                 3.07      
  ------------------------------------------------------------------------------------
  data required time                                                 3.07      
  data arrival time                                                 -2.69      
  ------------------------------------------------------------------------------------
  slack (MET)                                                        0.38      


1
