 
****************************************
Report : level_shifter
Design : raven_soc
Version: T-2022.03-SP4
Date   : Tue May 13 18:03:08 2025
****************************************

---------------------------------------------------------------------------------------------------------------------------------------------------

 Power Domain : PDm

 **********************************************************
 Level shifter summary for power domain
 **********************************************************
 No. of violating level shifters - dont_touch    : 0
 No. of violating level shifters - no dont_touch : 0
 No. of level shifters in domain                 : 53
 **********************************************************

===================================================================================================================================================
 Level Shifter       Reference      Input P/G      Output P/G     Main P/G       Violation   Reason                 Voltage             Type
                                    Net Info(Volt) Net Info(Volt) Net Info(Dir.)
===================================================================================================================================================
 spimemio/flash_io3_di_UPF_LS
                     SAEDLVT14_LVLUBUF_IY2_1
                                    spimemio/VDDo(0.60)
                                                   spimemio/VDD(0.72)
                                                                  spimemio/VDD(Output)
                                                                                 FALSE       -                      ---                 LH
                                    spimemio/VSS(0.00)
                                                   spimemio/VSS(0.00)
                                                                  ---
 spimemio/flash_io2_di_UPF_LS
                     SAEDLVT14_LVLUBUF_IY2_1
                                    spimemio/VDDo(0.60)
                                                   spimemio/VDD(0.72)
                                                                  spimemio/VDD(Output)
                                                                                 FALSE       -                      ---                 LH
                                    spimemio/VSS(0.00)
                                                   spimemio/VSS(0.00)
                                                                  ---
 spimemio/cfgreg_di_0__UPF_LS
                     SAEDLVT14_LVLUBUF_IY2_1
                                    VDD(0.60)      spimemio/VDD(0.72)
                                                                  spimemio/VDD(Output)
                                                                                 FALSE       -                      ---                 LH
                                    spimemio/VSS(0.00)
                                                   spimemio/VSS(0.00)
                                                                  ---
 spimemio/cfgreg_di_1__UPF_LS
                     SAEDLVT14_LVLUBUF_IY2_1
                                    VDD(0.60)      spimemio/VDD(0.72)
                                                                  spimemio/VDD(Output)
                                                                                 FALSE       -                      ---                 LH
                                    spimemio/VSS(0.00)
                                                   spimemio/VSS(0.00)
                                                                  ---
 spimemio/cfgreg_di_2__UPF_LS
                     SAEDLVT14_LVLUBUF_IY2_1
                                    VDD(0.60)      spimemio/VDD(0.72)
                                                                  spimemio/VDD(Output)
                                                                                 FALSE       -                      ---                 LH
                                    spimemio/VSS(0.00)
                                                   spimemio/VSS(0.00)
                                                                  ---
 spimemio/cfgreg_di_3__UPF_LS
                     SAEDLVT14_LVLUBUF_IY2_1
                                    VDD(0.60)      spimemio/VDD(0.72)
                                                                  spimemio/VDD(Output)
                                                                                 FALSE       -                      ---                 LH
                                    spimemio/VSS(0.00)
                                                   spimemio/VSS(0.00)
                                                                  ---
 spimemio/cfgreg_di_8__UPF_LS
                     SAEDLVT14_LVLUBUF_IY2_1
                                    VDD(0.60)      spimemio/VDD(0.72)
                                                                  spimemio/VDD(Output)
                                                                                 FALSE       -                      ---                 LH
                                    spimemio/VSS(0.00)
                                                   spimemio/VSS(0.00)
                                                                  ---
 spimemio/cfgreg_di_9__UPF_LS
                     SAEDLVT14_LVLUBUF_IY2_1
                                    VDD(0.60)      spimemio/VDD(0.72)
                                                                  spimemio/VDD(Output)
                                                                                 FALSE       -                      ---                 LH
                                    spimemio/VSS(0.00)
                                                   spimemio/VSS(0.00)
                                                                  ---
 spimemio/cfgreg_di_10__UPF_LS
                     SAEDLVT14_LVLUBUF_IY2_1
                                    VDD(0.60)      spimemio/VDD(0.72)
                                                                  spimemio/VDD(Output)
                                                                                 FALSE       -                      ---                 LH
                                    spimemio/VSS(0.00)
                                                   spimemio/VSS(0.00)
                                                                  ---
 spimemio/cfgreg_di_11__UPF_LS
                     SAEDLVT14_LVLUBUF_IY2_1
                                    VDD(0.60)      spimemio/VDD(0.72)
                                                                  spimemio/VDD(Output)
                                                                                 FALSE       -                      ---                 LH
                                    spimemio/VSS(0.00)
                                                   spimemio/VSS(0.00)
                                                                  ---
 spimemio/cfgreg_di_4__UPF_LS
                     SAEDLVT14_LVLUBUF_IY2_1
                                    VDD(0.60)      spimemio/VDD(0.72)
                                                                  spimemio/VDD(Output)
                                                                                 FALSE       -                      ---                 LH
                                    spimemio/VSS(0.00)
                                                   spimemio/VSS(0.00)
                                                                  ---
 spimemio/cfgreg_di_5__UPF_LS
                     SAEDLVT14_LVLUBUF_IY2_1
                                    VDD(0.60)      spimemio/VDD(0.72)
                                                                  spimemio/VDD(Output)
                                                                                 FALSE       -                      ---                 LH
                                    spimemio/VSS(0.00)
                                                   spimemio/VSS(0.00)
                                                                  ---
 spimemio/cfgreg_di_31__UPF_LS
                     SAEDLVT14_LVLUBUF_IY2_1
                                    VDD(0.60)      spimemio/VDD(0.72)
                                                                  spimemio/VDD(Output)
                                                                                 FALSE       -                      ---                 LH
                                    spimemio/VSS(0.00)
                                                   spimemio/VSS(0.00)
                                                                  ---
 spimemio/cfgreg_di_16__UPF_LS
                     SAEDLVT14_LVLUBUF_IY2_1
                                    VDD(0.60)      spimemio/VDD(0.72)
                                                                  spimemio/VDD(Output)
                                                                                 FALSE       -                      ---                 LH
                                    spimemio/VSS(0.00)
                                                   spimemio/VSS(0.00)
                                                                  ---
 spimemio/cfgreg_di_17__UPF_LS
                     SAEDLVT14_LVLUBUF_IY2_1
                                    VDD(0.60)      spimemio/VDD(0.72)
                                                                  spimemio/VDD(Output)
                                                                                 FALSE       -                      ---                 LH
                                    spimemio/VSS(0.00)
                                                   spimemio/VSS(0.00)
                                                                  ---
 spimemio/cfgreg_di_18__UPF_LS
                     SAEDLVT14_LVLUBUF_IY2_1
                                    VDD(0.60)      spimemio/VDD(0.72)
                                                                  spimemio/VDD(Output)
                                                                                 FALSE       -                      ---                 LH
                                    spimemio/VSS(0.00)
                                                   spimemio/VSS(0.00)
                                                                  ---
 spimemio/cfgreg_di_20__UPF_LS
                     SAEDLVT14_LVLUBUF_IY2_1
                                    VDD(0.60)      spimemio/VDD(0.72)
                                                                  spimemio/VDD(Output)
                                                                                 FALSE       -                      ---                 LH
                                    spimemio/VSS(0.00)
                                                   spimemio/VSS(0.00)
                                                                  ---
 spimemio/cfgreg_di_22__UPF_LS
                     SAEDLVT14_LVLUBUF_IY2_1
                                    VDD(0.60)      spimemio/VDD(0.72)
                                                                  spimemio/VDD(Output)
                                                                                 FALSE       -                      ---                 LH
                                    spimemio/VSS(0.00)
                                                   spimemio/VSS(0.00)
                                                                  ---
 spimemio/cfgreg_di_21__UPF_LS
                     SAEDLVT14_LVLUBUF_IY2_1
                                    VDD(0.60)      spimemio/VDD(0.72)
                                                                  spimemio/VDD(Output)
                                                                                 FALSE       -                      ---                 LH
                                    spimemio/VSS(0.00)
                                                   spimemio/VSS(0.00)
                                                                  ---
 spimemio/clk_UPF_LS SAEDLVT14_LVLUBUF_IY2_1
                                    VDD(0.60)      spimemio/VDD(0.72)
                                                                  spimemio/VDD(Output)
                                                                                 FALSE       -                      ---                 LH
                                    spimemio/VSS(0.00)
                                                   spimemio/VSS(0.00)
                                                                  ---
 spimemio/resetn_UPF_LS
                     SAEDLVT14_LVLUBUF_IY2_1
                                    VDD(0.60)      spimemio/VDD(0.72)
                                                                  spimemio/VDD(Output)
                                                                                 FALSE       -                      ---                 LH
                                    spimemio/VSS(0.00)
                                                   spimemio/VSS(0.00)
                                                                  ---
 spimemio/valid_UPF_LS
                     SAEDLVT14_LVLUBUF_IY2_1
                                    VDD(0.60)      spimemio/VDD(0.72)
                                                                  spimemio/VDD(Output)
                                                                                 FALSE       -                      ---                 LH
                                    spimemio/VSS(0.00)
                                                   spimemio/VSS(0.00)
                                                                  ---
 spimemio/addr_23__UPF_LS
                     SAEDLVT14_LVLUBUF_IY2_1
                                    VDD(0.60)      spimemio/VDD(0.72)
                                                                  spimemio/VDD(Output)
                                                                                 FALSE       -                      ---                 LH
                                    spimemio/VSS(0.00)
                                                   spimemio/VSS(0.00)
                                                                  ---
 spimemio/addr_22__UPF_LS
                     SAEDLVT14_LVLUBUF_IY2_1
                                    VDD(0.60)      spimemio/VDD(0.72)
                                                                  spimemio/VDD(Output)
                                                                                 FALSE       -                      ---                 LH
                                    spimemio/VSS(0.00)
                                                   spimemio/VSS(0.00)
                                                                  ---
 spimemio/addr_21__UPF_LS
                     SAEDLVT14_LVLUBUF_IY2_1
                                    VDD(0.60)      spimemio/VDD(0.72)
                                                                  spimemio/VDD(Output)
                                                                                 FALSE       -                      ---                 LH
                                    spimemio/VSS(0.00)
                                                   spimemio/VSS(0.00)
                                                                  ---
 spimemio/addr_20__UPF_LS
                     SAEDLVT14_LVLUBUF_IY2_1
                                    VDD(0.60)      spimemio/VDD(0.72)
                                                                  spimemio/VDD(Output)
                                                                                 FALSE       -                      ---                 LH
                                    spimemio/VSS(0.00)
                                                   spimemio/VSS(0.00)
                                                                  ---
 spimemio/addr_19__UPF_LS
                     SAEDLVT14_LVLUBUF_IY2_1
                                    VDD(0.60)      spimemio/VDD(0.72)
                                                                  spimemio/VDD(Output)
                                                                                 FALSE       -                      ---                 LH
                                    spimemio/VSS(0.00)
                                                   spimemio/VSS(0.00)
                                                                  ---
 spimemio/addr_18__UPF_LS
                     SAEDLVT14_LVLUBUF_IY2_1
                                    VDD(0.60)      spimemio/VDD(0.72)
                                                                  spimemio/VDD(Output)
                                                                                 FALSE       -                      ---                 LH
                                    spimemio/VSS(0.00)
                                                   spimemio/VSS(0.00)
                                                                  ---
 spimemio/addr_17__UPF_LS
                     SAEDLVT14_LVLUBUF_IY2_1
                                    VDD(0.60)      spimemio/VDD(0.72)
                                                                  spimemio/VDD(Output)
                                                                                 FALSE       -                      ---                 LH
                                    spimemio/VSS(0.00)
                                                   spimemio/VSS(0.00)
                                                                  ---
 spimemio/addr_16__UPF_LS
                     SAEDLVT14_LVLUBUF_IY2_1
                                    VDD(0.60)      spimemio/VDD(0.72)
                                                                  spimemio/VDD(Output)
                                                                                 FALSE       -                      ---                 LH
                                    spimemio/VSS(0.00)
                                                   spimemio/VSS(0.00)
                                                                  ---
 spimemio/addr_15__UPF_LS
                     SAEDLVT14_LVLUBUF_IY2_1
                                    VDD(0.60)      spimemio/VDD(0.72)
                                                                  spimemio/VDD(Output)
                                                                                 FALSE       -                      ---                 LH
                                    spimemio/VSS(0.00)
                                                   spimemio/VSS(0.00)
                                                                  ---
 spimemio/addr_14__UPF_LS
                     SAEDLVT14_LVLUBUF_IY2_1
                                    VDD(0.60)      spimemio/VDD(0.72)
                                                                  spimemio/VDD(Output)
                                                                                 FALSE       -                      ---                 LH
                                    spimemio/VSS(0.00)
                                                   spimemio/VSS(0.00)
                                                                  ---
 spimemio/addr_13__UPF_LS
                     SAEDLVT14_LVLUBUF_IY2_1
                                    VDD(0.60)      spimemio/VDD(0.72)
                                                                  spimemio/VDD(Output)
                                                                                 FALSE       -                      ---                 LH
                                    spimemio/VSS(0.00)
                                                   spimemio/VSS(0.00)
                                                                  ---
 spimemio/addr_12__UPF_LS
                     SAEDLVT14_LVLUBUF_IY2_1
                                    VDD(0.60)      spimemio/VDD(0.72)
                                                                  spimemio/VDD(Output)
                                                                                 FALSE       -                      ---                 LH
                                    spimemio/VSS(0.00)
                                                   spimemio/VSS(0.00)
                                                                  ---
 spimemio/addr_11__UPF_LS
                     SAEDLVT14_LVLUBUF_IY2_1
                                    VDD(0.60)      spimemio/VDD(0.72)
                                                                  spimemio/VDD(Output)
                                                                                 FALSE       -                      ---                 LH
                                    spimemio/VSS(0.00)
                                                   spimemio/VSS(0.00)
                                                                  ---
 spimemio/addr_10__UPF_LS
                     SAEDLVT14_LVLUBUF_IY2_1
                                    VDD(0.60)      spimemio/VDD(0.72)
                                                                  spimemio/VDD(Output)
                                                                                 FALSE       -                      ---                 LH
                                    spimemio/VSS(0.00)
                                                   spimemio/VSS(0.00)
                                                                  ---
 spimemio/addr_9__UPF_LS
                     SAEDLVT14_LVLUBUF_IY2_1
                                    VDD(0.60)      spimemio/VDD(0.72)
                                                                  spimemio/VDD(Output)
                                                                                 FALSE       -                      ---                 LH
                                    spimemio/VSS(0.00)
                                                   spimemio/VSS(0.00)
                                                                  ---
 spimemio/addr_8__UPF_LS
                     SAEDLVT14_LVLUBUF_IY2_1
                                    VDD(0.60)      spimemio/VDD(0.72)
                                                                  spimemio/VDD(Output)
                                                                                 FALSE       -                      ---                 LH
                                    spimemio/VSS(0.00)
                                                   spimemio/VSS(0.00)
                                                                  ---
 spimemio/addr_7__UPF_LS
                     SAEDLVT14_LVLUBUF_IY2_1
                                    VDD(0.60)      spimemio/VDD(0.72)
                                                                  spimemio/VDD(Output)
                                                                                 FALSE       -                      ---                 LH
                                    spimemio/VSS(0.00)
                                                   spimemio/VSS(0.00)
                                                                  ---
 spimemio/addr_6__UPF_LS
                     SAEDLVT14_LVLUBUF_IY2_1
                                    VDD(0.60)      spimemio/VDD(0.72)
                                                                  spimemio/VDD(Output)
                                                                                 FALSE       -                      ---                 LH
                                    spimemio/VSS(0.00)
                                                   spimemio/VSS(0.00)
                                                                  ---
 spimemio/addr_5__UPF_LS
                     SAEDLVT14_LVLUBUF_IY2_1
                                    VDD(0.60)      spimemio/VDD(0.72)
                                                                  spimemio/VDD(Output)
                                                                                 FALSE       -                      ---                 LH
                                    spimemio/VSS(0.00)
                                                   spimemio/VSS(0.00)
                                                                  ---
 spimemio/addr_4__UPF_LS
                     SAEDLVT14_LVLUBUF_IY2_1
                                    VDD(0.60)      spimemio/VDD(0.72)
                                                                  spimemio/VDD(Output)
                                                                                 FALSE       -                      ---                 LH
                                    spimemio/VSS(0.00)
                                                   spimemio/VSS(0.00)
                                                                  ---
 spimemio/addr_3__UPF_LS
                     SAEDLVT14_LVLUBUF_IY2_1
                                    VDD(0.60)      spimemio/VDD(0.72)
                                                                  spimemio/VDD(Output)
                                                                                 FALSE       -                      ---                 LH
                                    spimemio/VSS(0.00)
                                                   spimemio/VSS(0.00)
                                                                  ---
 spimemio/addr_2__UPF_LS
                     SAEDLVT14_LVLUBUF_IY2_1
                                    VDD(0.60)      spimemio/VDD(0.72)
                                                                  spimemio/VDD(Output)
                                                                                 FALSE       -                      ---                 LH
                                    spimemio/VSS(0.00)
                                                   spimemio/VSS(0.00)
                                                                  ---
 spimemio/addr_1__UPF_LS
                     SAEDLVT14_LVLUBUF_IY2_1
                                    VDD(0.60)      spimemio/VDD(0.72)
                                                                  spimemio/VDD(Output)
                                                                                 FALSE       -                      ---                 LH
                                    spimemio/VSS(0.00)
                                                   spimemio/VSS(0.00)
                                                                  ---
 spimemio/addr_0__UPF_LS
                     SAEDLVT14_LVLUBUF_IY2_1
                                    VDD(0.60)      spimemio/VDD(0.72)
                                                                  spimemio/VDD(Output)
                                                                                 FALSE       -                      ---                 LH
                                    spimemio/VSS(0.00)
                                                   spimemio/VSS(0.00)
                                                                  ---
 spimemio/cfgreg_we_3__UPF_LS
                     SAEDLVT14_LVLUBUF_IY2_1
                                    VDD(0.60)      spimemio/VDD(0.72)
                                                                  spimemio/VDD(Output)
                                                                                 FALSE       -                      ---                 LH
                                    spimemio/VSS(0.00)
                                                   spimemio/VSS(0.00)
                                                                  ---
 spimemio/cfgreg_we_1__UPF_LS
                     SAEDLVT14_LVLUBUF_IY2_1
                                    VDD(0.60)      spimemio/VDD(0.72)
                                                                  spimemio/VDD(Output)
                                                                                 FALSE       -                      ---                 LH
                                    spimemio/VSS(0.00)
                                                   spimemio/VSS(0.00)
                                                                  ---
 spimemio/cfgreg_we_0__UPF_LS
                     SAEDLVT14_LVLUBUF_IY2_1
                                    VDD(0.60)      spimemio/VDD(0.72)
                                                                  spimemio/VDD(Output)
                                                                                 FALSE       -                      ---                 LH
                                    spimemio/VSS(0.00)
                                                   spimemio/VSS(0.00)
                                                                  ---
 spimemio/cfgreg_we_2__UPF_LS
                     SAEDLVT14_LVLUBUF_IY2_1
                                    VDD(0.60)      spimemio/VDD(0.72)
                                                                  spimemio/VDD(Output)
                                                                                 FALSE       -                      ---                 LH
                                    spimemio/VSS(0.00)
                                                   spimemio/VSS(0.00)
                                                                  ---
 spimemio/cfgreg_di_19__UPF_LS
                     SAEDLVT14_LVLUBUF_IY2_1
                                    VDD(0.60)      spimemio/VDD(0.72)
                                                                  spimemio/VDD(Output)
                                                                                 FALSE       -                      ---                 LH
                                    spimemio/VSS(0.00)
                                                   spimemio/VSS(0.00)
                                                                  ---
 spimemio/flash_io1_di_UPF_LS
                     SAEDLVT14_LVLUBUF_IY2_1
                                    spimemio/VDDo(0.60)
                                                   spimemio/VDD(0.72)
                                                                  spimemio/VDD(Output)
                                                                                 FALSE       -                      ---                 LH
                                    spimemio/VSS(0.00)
                                                   spimemio/VSS(0.00)
                                                                  ---
 spimemio/flash_io0_di_UPF_LS
                     SAEDLVT14_LVLUBUF_IY2_1
                                    spimemio/VDDo(0.60)
                                                   spimemio/VDD(0.72)
                                                                  spimemio/VDD(Output)
                                                                                 FALSE       -                      ---                 LH
                                    spimemio/VSS(0.00)
                                                   spimemio/VSS(0.00)
                                                                  ---
===================================================================================================================================================

 Power Domain : PDs

 **********************************************************
 Level shifter summary for power domain
 **********************************************************
 No. of violating level shifters - dont_touch    : 0
 No. of violating level shifters - no dont_touch : 0
 No. of level shifters in domain                 : 57
 **********************************************************

===================================================================================================================================================
 Level Shifter       Reference      Input P/G      Output P/G     Main P/G       Violation   Reason                 Voltage             Type
                                    Net Info(Volt) Net Info(Volt) Net Info(Dir.)
===================================================================================================================================================
 ready_UPF_LS        SAEDRVT14_LVLDBUF_IY2V1_1
                                    VDDh(0.72)     VDD(0.60)      VDD(Output)    FALSE       -                      ---                 HL
                                    VSS(0.00)      VSS(0.00)      ---
 flash_csb_UPF_LS    SAEDRVT14_LVLDBUF_IY2V1_1
                                    VDDh(0.72)     VDD(0.60)      VDD(Output)    FALSE       -                      ---                 HL
                                    VSS(0.00)      VSS(0.00)      ---
 cfgreg_do_5__UPF_LS SAEDRVT14_LVLDBUF_IY2V1_1
                                    VDDh(0.72)     VDD(0.60)      VDD(Output)    FALSE       -                      ---                 HL
                                    VSS(0.00)      VSS(0.00)      ---
 flash_clk_UPF_LS    SAEDRVT14_LVLDBUF_IY2V1_1
                                    VDDh(0.72)     VDD(0.60)      VDD(Output)    FALSE       -                      ---                 HL
                                    VSS(0.00)      VSS(0.00)      ---
 cfgreg_do_4__UPF_LS SAEDRVT14_LVLDBUF_IY2V1_1
                                    VDDh(0.72)     VDD(0.60)      VDD(Output)    FALSE       -                      ---                 HL
                                    VSS(0.00)      VSS(0.00)      ---
 flash_io0_oeb_UPF_LS
                     SAEDRVT14_LVLDBUF_IY2V1_1
                                    VDDh(0.72)     VDD(0.60)      VDD(Output)    FALSE       -                      ---                 HL
                                    VSS(0.00)      VSS(0.00)      ---
 flash_io1_oeb_UPF_LS
                     SAEDRVT14_LVLDBUF_IY2V1_1
                                    VDDh(0.72)     VDD(0.60)      VDD(Output)    FALSE       -                      ---                 HL
                                    VSS(0.00)      VSS(0.00)      ---
 flash_io2_oeb_UPF_LS
                     SAEDRVT14_LVLDBUF_IY2V1_1
                                    VDDh(0.72)     VDD(0.60)      VDD(Output)    FALSE       -                      ---                 HL
                                    VSS(0.00)      VSS(0.00)      ---
 flash_io3_oeb_UPF_LS
                     SAEDRVT14_LVLDBUF_IY2V1_1
                                    VDDh(0.72)     VDD(0.60)      VDD(Output)    FALSE       -                      ---                 HL
                                    VSS(0.00)      VSS(0.00)      ---
 flash_io0_do_UPF_LS SAEDRVT14_LVLDBUF_IY2V1_1
                                    VDDh(0.72)     VDD(0.60)      VDD(Output)    FALSE       -                      ---                 HL
                                    VSS(0.00)      VSS(0.00)      ---
 flash_io1_do_UPF_LS SAEDRVT14_LVLDBUF_IY2V1_1
                                    VDDh(0.72)     VDD(0.60)      VDD(Output)    FALSE       -                      ---                 HL
                                    VSS(0.00)      VSS(0.00)      ---
 flash_io2_do_UPF_LS SAEDRVT14_LVLDBUF_IY2V1_1
                                    VDDh(0.72)     VDD(0.60)      VDD(Output)    FALSE       -                      ---                 HL
                                    VSS(0.00)      VSS(0.00)      ---
 flash_io3_do_UPF_LS SAEDRVT14_LVLDBUF_IY2V1_1
                                    VDDh(0.72)     VDD(0.60)      VDD(Output)    FALSE       -                      ---                 HL
                                    VSS(0.00)      VSS(0.00)      ---
 rdata_31__UPF_LS    SAEDRVT14_LVLDBUF_IY2V1_1
                                    VDDh(0.72)     VDD(0.60)      VDD(Output)    FALSE       -                      ---                 HL
                                    VSS(0.00)      VSS(0.00)      ---
 rdata_30__UPF_LS    SAEDRVT14_LVLDBUF_IY2V1_1
                                    VDDh(0.72)     VDD(0.60)      VDD(Output)    FALSE       -                      ---                 HL
                                    VSS(0.00)      VSS(0.00)      ---
 rdata_29__UPF_LS    SAEDRVT14_LVLDBUF_IY2V1_1
                                    VDDh(0.72)     VDD(0.60)      VDD(Output)    FALSE       -                      ---                 HL
                                    VSS(0.00)      VSS(0.00)      ---
 rdata_28__UPF_LS    SAEDRVT14_LVLDBUF_IY2V1_1
                                    VDDh(0.72)     VDD(0.60)      VDD(Output)    FALSE       -                      ---                 HL
                                    VSS(0.00)      VSS(0.00)      ---
 rdata_27__UPF_LS    SAEDRVT14_LVLDBUF_IY2V1_1
                                    VDDh(0.72)     VDD(0.60)      VDD(Output)    FALSE       -                      ---                 HL
                                    VSS(0.00)      VSS(0.00)      ---
 rdata_26__UPF_LS    SAEDRVT14_LVLDBUF_IY2V1_1
                                    VDDh(0.72)     VDD(0.60)      VDD(Output)    FALSE       -                      ---                 HL
                                    VSS(0.00)      VSS(0.00)      ---
 rdata_25__UPF_LS    SAEDRVT14_LVLDBUF_IY2V1_1
                                    VDDh(0.72)     VDD(0.60)      VDD(Output)    FALSE       -                      ---                 HL
                                    VSS(0.00)      VSS(0.00)      ---
 rdata_24__UPF_LS    SAEDRVT14_LVLDBUF_IY2V1_1
                                    VDDh(0.72)     VDD(0.60)      VDD(Output)    FALSE       -                      ---                 HL
                                    VSS(0.00)      VSS(0.00)      ---
 rdata_23__UPF_LS    SAEDRVT14_LVLDBUF_IY2V1_1
                                    VDDh(0.72)     VDD(0.60)      VDD(Output)    FALSE       -                      ---                 HL
                                    VSS(0.00)      VSS(0.00)      ---
 rdata_22__UPF_LS    SAEDRVT14_LVLDBUF_IY2V1_1
                                    VDDh(0.72)     VDD(0.60)      VDD(Output)    FALSE       -                      ---                 HL
                                    VSS(0.00)      VSS(0.00)      ---
 rdata_21__UPF_LS    SAEDRVT14_LVLDBUF_IY2V1_1
                                    VDDh(0.72)     VDD(0.60)      VDD(Output)    FALSE       -                      ---                 HL
                                    VSS(0.00)      VSS(0.00)      ---
 rdata_20__UPF_LS    SAEDRVT14_LVLDBUF_IY2V1_1
                                    VDDh(0.72)     VDD(0.60)      VDD(Output)    FALSE       -                      ---                 HL
                                    VSS(0.00)      VSS(0.00)      ---
 rdata_19__UPF_LS    SAEDRVT14_LVLDBUF_IY2V1_1
                                    VDDh(0.72)     VDD(0.60)      VDD(Output)    FALSE       -                      ---                 HL
                                    VSS(0.00)      VSS(0.00)      ---
 rdata_18__UPF_LS    SAEDRVT14_LVLDBUF_IY2V1_1
                                    VDDh(0.72)     VDD(0.60)      VDD(Output)    FALSE       -                      ---                 HL
                                    VSS(0.00)      VSS(0.00)      ---
 rdata_17__UPF_LS    SAEDRVT14_LVLDBUF_IY2V1_1
                                    VDDh(0.72)     VDD(0.60)      VDD(Output)    FALSE       -                      ---                 HL
                                    VSS(0.00)      VSS(0.00)      ---
 rdata_16__UPF_LS    SAEDRVT14_LVLDBUF_IY2V1_1
                                    VDDh(0.72)     VDD(0.60)      VDD(Output)    FALSE       -                      ---                 HL
                                    VSS(0.00)      VSS(0.00)      ---
 rdata_15__UPF_LS    SAEDRVT14_LVLDBUF_IY2V1_1
                                    VDDh(0.72)     VDD(0.60)      VDD(Output)    FALSE       -                      ---                 HL
                                    VSS(0.00)      VSS(0.00)      ---
 rdata_14__UPF_LS    SAEDRVT14_LVLDBUF_IY2V1_1
                                    VDDh(0.72)     VDD(0.60)      VDD(Output)    FALSE       -                      ---                 HL
                                    VSS(0.00)      VSS(0.00)      ---
 rdata_13__UPF_LS    SAEDRVT14_LVLDBUF_IY2V1_1
                                    VDDh(0.72)     VDD(0.60)      VDD(Output)    FALSE       -                      ---                 HL
                                    VSS(0.00)      VSS(0.00)      ---
 rdata_12__UPF_LS    SAEDRVT14_LVLDBUF_IY2V1_1
                                    VDDh(0.72)     VDD(0.60)      VDD(Output)    FALSE       -                      ---                 HL
                                    VSS(0.00)      VSS(0.00)      ---
 rdata_11__UPF_LS    SAEDRVT14_LVLDBUF_IY2V1_1
                                    VDDh(0.72)     VDD(0.60)      VDD(Output)    FALSE       -                      ---                 HL
                                    VSS(0.00)      VSS(0.00)      ---
 rdata_10__UPF_LS    SAEDRVT14_LVLDBUF_IY2V1_1
                                    VDDh(0.72)     VDD(0.60)      VDD(Output)    FALSE       -                      ---                 HL
                                    VSS(0.00)      VSS(0.00)      ---
 rdata_9__UPF_LS     SAEDRVT14_LVLDBUF_IY2V1_1
                                    VDDh(0.72)     VDD(0.60)      VDD(Output)    FALSE       -                      ---                 HL
                                    VSS(0.00)      VSS(0.00)      ---
 rdata_8__UPF_LS     SAEDRVT14_LVLDBUF_IY2V1_1
                                    VDDh(0.72)     VDD(0.60)      VDD(Output)    FALSE       -                      ---                 HL
                                    VSS(0.00)      VSS(0.00)      ---
 rdata_7__UPF_LS     SAEDRVT14_LVLDBUF_IY2V1_1
                                    VDDh(0.72)     VDD(0.60)      VDD(Output)    FALSE       -                      ---                 HL
                                    VSS(0.00)      VSS(0.00)      ---
 rdata_6__UPF_LS     SAEDRVT14_LVLDBUF_IY2V1_1
                                    VDDh(0.72)     VDD(0.60)      VDD(Output)    FALSE       -                      ---                 HL
                                    VSS(0.00)      VSS(0.00)      ---
 rdata_5__UPF_LS     SAEDRVT14_LVLDBUF_IY2V1_1
                                    VDDh(0.72)     VDD(0.60)      VDD(Output)    FALSE       -                      ---                 HL
                                    VSS(0.00)      VSS(0.00)      ---
 rdata_4__UPF_LS     SAEDRVT14_LVLDBUF_IY2V1_1
                                    VDDh(0.72)     VDD(0.60)      VDD(Output)    FALSE       -                      ---                 HL
                                    VSS(0.00)      VSS(0.00)      ---
 rdata_3__UPF_LS     SAEDRVT14_LVLDBUF_IY2V1_1
                                    VDDh(0.72)     VDD(0.60)      VDD(Output)    FALSE       -                      ---                 HL
                                    VSS(0.00)      VSS(0.00)      ---
 rdata_2__UPF_LS     SAEDRVT14_LVLDBUF_IY2V1_1
                                    VDDh(0.72)     VDD(0.60)      VDD(Output)    FALSE       -                      ---                 HL
                                    VSS(0.00)      VSS(0.00)      ---
 rdata_1__UPF_LS     SAEDRVT14_LVLDBUF_IY2V1_1
                                    VDDh(0.72)     VDD(0.60)      VDD(Output)    FALSE       -                      ---                 HL
                                    VSS(0.00)      VSS(0.00)      ---
 rdata_0__UPF_LS     SAEDRVT14_LVLDBUF_IY2V1_1
                                    VDDh(0.72)     VDD(0.60)      VDD(Output)    FALSE       -                      ---                 HL
                                    VSS(0.00)      VSS(0.00)      ---
 cfgreg_do_31__UPF_LS
                     SAEDRVT14_LVLDBUF_IY2V1_1
                                    VDDh(0.72)     VDD(0.60)      VDD(Output)    FALSE       -                      ---                 HL
                                    VSS(0.00)      VSS(0.00)      ---
 cfgreg_do_22__UPF_LS
                     SAEDRVT14_LVLDBUF_IY2V1_1
                                    VDDh(0.72)     VDD(0.60)      VDD(Output)    FALSE       -                      ---                 HL
                                    VSS(0.00)      VSS(0.00)      ---
 cfgreg_do_21__UPF_LS
                     SAEDRVT14_LVLDBUF_IY2V1_1
                                    VDDh(0.72)     VDD(0.60)      VDD(Output)    FALSE       -                      ---                 HL
                                    VSS(0.00)      VSS(0.00)      ---
 cfgreg_do_20__UPF_LS
                     SAEDRVT14_LVLDBUF_IY2V1_1
                                    VDDh(0.72)     VDD(0.60)      VDD(Output)    FALSE       -                      ---                 HL
                                    VSS(0.00)      VSS(0.00)      ---
 cfgreg_do_19__UPF_LS
                     SAEDRVT14_LVLDBUF_IY2V1_1
                                    VDDh(0.72)     VDD(0.60)      VDD(Output)    FALSE       -                      ---                 HL
                                    VSS(0.00)      VSS(0.00)      ---
 cfgreg_do_18__UPF_LS
                     SAEDRVT14_LVLDBUF_IY2V1_1
                                    VDDh(0.72)     VDD(0.60)      VDD(Output)    FALSE       -                      ---                 HL
                                    VSS(0.00)      VSS(0.00)      ---
 cfgreg_do_17__UPF_LS
                     SAEDRVT14_LVLDBUF_IY2V1_1
                                    VDDh(0.72)     VDD(0.60)      VDD(Output)    FALSE       -                      ---                 HL
                                    VSS(0.00)      VSS(0.00)      ---
 cfgreg_do_16__UPF_LS
                     SAEDRVT14_LVLDBUF_IY2V1_1
                                    VDDh(0.72)     VDD(0.60)      VDD(Output)    FALSE       -                      ---                 HL
                                    VSS(0.00)      VSS(0.00)      ---
 cfgreg_do_11__UPF_LS
                     SAEDRVT14_LVLDBUF_IY2V1_1
                                    VDDh(0.72)     VDD(0.60)      VDD(Output)    FALSE       -                      ---                 HL
                                    VSS(0.00)      VSS(0.00)      ---
 cfgreg_do_10__UPF_LS
                     SAEDRVT14_LVLDBUF_IY2V1_1
                                    VDDh(0.72)     VDD(0.60)      VDD(Output)    FALSE       -                      ---                 HL
                                    VSS(0.00)      VSS(0.00)      ---
 cfgreg_do_9__UPF_LS SAEDRVT14_LVLDBUF_IY2V1_1
                                    VDDh(0.72)     VDD(0.60)      VDD(Output)    FALSE       -                      ---                 HL
                                    VSS(0.00)      VSS(0.00)      ---
 cfgreg_do_8__UPF_LS SAEDRVT14_LVLDBUF_IY2V1_1
                                    VDDh(0.72)     VDD(0.60)      VDD(Output)    FALSE       -                      ---                 HL
                                    VSS(0.00)      VSS(0.00)      ---
===================================================================================================================================================
1
