Information: Updating design information... (UID-85)
Warning: Design 'raven_soc' contains 1 high-fanout nets. A fanout number of 1000 will be used for delay calculations involving these nets. (TIM-134)
Information: There are 2432 clock pins driven by multiple clocks, and some of them are driven by up-to 2 clocks. (TIM-099)
 
****************************************
Report : timing
        -path full
        -delay max
        -group reg2reg
        -max_paths 1
Design : raven_soc
Version: T-2022.03-SP4
Date   : Tue May 13 18:03:08 2025
****************************************

 # A fanout number of 1000 was used for high fanout net computations.
Wire Load Model Mode: top

  Startpoint: cpu/genblk2_pcpi_div/quotient_msk_reg_11_
              (rising edge-triggered flip-flop clocked by ext_clk)
  Endpoint: cpu/genblk2_pcpi_div/dividend_reg_31_
            (rising edge-triggered flip-flop clocked by pll_clk)
  Path Group: reg2reg
  Path Type: max

  Des/Clust/Port     Wire Load Model       Library
  ------------------------------------------------
  raven_soc          8000                  saed14rvt_ss0p6v125c

  Point                                                   Incr       Path      Voltage
  ------------------------------------------------------------------------------------
  clock ext_clk (rise edge)                               0.00       0.00      
  clock network delay (ideal)                             0.10       0.10      
  cpu/genblk2_pcpi_div/quotient_msk_reg_11_/CK (SAEDRVT14_FSDPQ_V2LP_1)
                                                          0.00       0.10 r    0.60
  cpu/genblk2_pcpi_div/quotient_msk_reg_11_/Q (SAEDRVT14_FSDPQ_V2LP_1)
                                                          0.03       0.13 f    0.60
  cpu/genblk2_pcpi_div/U59/X (SAEDRVT14_OR4_1)            0.04       0.17 f    0.60
  cpu/genblk2_pcpi_div/U60/X (SAEDRVT14_OR4_1)            0.04       0.22 f    0.60
  cpu/genblk2_pcpi_div/U61/X (SAEDRVT14_NR4_0P75)         0.05       0.26 r    0.60
  cpu/genblk2_pcpi_div/U62/X (SAEDRVT14_ND2_CDC_1)        0.01       0.28 f    0.60
  cpu/genblk2_pcpi_div/U79/X (SAEDRVT14_ND3B_0P75)        0.11       0.39 r    0.60
  cpu/genblk2_pcpi_div/U491/X (SAEDRVT14_NR2_1)           0.08       0.47 f    0.60
  cpu/genblk2_pcpi_div/DP_OP_53J3_125_7987/I1[0] (picorv32_pcpi_div_DP_OP_53J3_125_7987_J3_0)
                                                          0.00       0.47 f    
  cpu/genblk2_pcpi_div/DP_OP_53J3_125_7987/U97/X (SAEDRVT14_OR2_MM_0P5)
                                                          0.04       0.51 f    0.60
  cpu/genblk2_pcpi_div/DP_OP_53J3_125_7987/U69/CO (SAEDRVT14_ADDF_V1_1)
                                                          0.05       0.57 f    0.60
  cpu/genblk2_pcpi_div/DP_OP_53J3_125_7987/U96/CO (SAEDRVT14_ADDF_V1_0P5)
                                                          0.06       0.62 f    0.60
  cpu/genblk2_pcpi_div/DP_OP_53J3_125_7987/U95/CO (SAEDRVT14_ADDF_V1_0P5)
                                                          0.06       0.68 f    0.60
  cpu/genblk2_pcpi_div/DP_OP_53J3_125_7987/U94/CO (SAEDRVT14_ADDF_V1_0P5)
                                                          0.06       0.74 f    0.60
  cpu/genblk2_pcpi_div/DP_OP_53J3_125_7987/U93/CO (SAEDRVT14_ADDF_V1_0P5)
                                                          0.06       0.80 f    0.60
  cpu/genblk2_pcpi_div/DP_OP_53J3_125_7987/U92/CO (SAEDRVT14_ADDF_V1_0P5)
                                                          0.06       0.86 f    0.60
  cpu/genblk2_pcpi_div/DP_OP_53J3_125_7987/U91/CO (SAEDRVT14_ADDF_V1_0P5)
                                                          0.06       0.92 f    0.60
  cpu/genblk2_pcpi_div/DP_OP_53J3_125_7987/U90/CO (SAEDRVT14_ADDF_V1_0P5)
                                                          0.06       0.98 f    0.60
  cpu/genblk2_pcpi_div/DP_OP_53J3_125_7987/U89/CO (SAEDRVT14_ADDF_V1_0P5)
                                                          0.06       1.04 f    0.60
  cpu/genblk2_pcpi_div/DP_OP_53J3_125_7987/U88/CO (SAEDRVT14_ADDF_V1_0P5)
                                                          0.06       1.10 f    0.60
  cpu/genblk2_pcpi_div/DP_OP_53J3_125_7987/U87/CO (SAEDRVT14_ADDF_V1_0P5)
                                                          0.06       1.16 f    0.60
  cpu/genblk2_pcpi_div/DP_OP_53J3_125_7987/U86/CO (SAEDRVT14_ADDF_V1_0P5)
                                                          0.06       1.22 f    0.60
  cpu/genblk2_pcpi_div/DP_OP_53J3_125_7987/U99/CO (SAEDRVT14_ADDF_V1_0P5)
                                                          0.06       1.28 f    0.60
  cpu/genblk2_pcpi_div/DP_OP_53J3_125_7987/U85/CO (SAEDRVT14_ADDF_V1_0P5)
                                                          0.06       1.34 f    0.60
  cpu/genblk2_pcpi_div/DP_OP_53J3_125_7987/U84/CO (SAEDRVT14_ADDF_V1_0P5)
                                                          0.06       1.40 f    0.60
  cpu/genblk2_pcpi_div/DP_OP_53J3_125_7987/U83/CO (SAEDRVT14_ADDF_V1_0P5)
                                                          0.06       1.46 f    0.60
  cpu/genblk2_pcpi_div/DP_OP_53J3_125_7987/U82/CO (SAEDRVT14_ADDF_V1_0P5)
                                                          0.06       1.52 f    0.60
  cpu/genblk2_pcpi_div/DP_OP_53J3_125_7987/U81/CO (SAEDRVT14_ADDF_V1_0P5)
                                                          0.06       1.58 f    0.60
  cpu/genblk2_pcpi_div/DP_OP_53J3_125_7987/U80/CO (SAEDRVT14_ADDF_V1_0P5)
                                                          0.06       1.64 f    0.60
  cpu/genblk2_pcpi_div/DP_OP_53J3_125_7987/U79/CO (SAEDRVT14_ADDF_V1_0P5)
                                                          0.06       1.70 f    0.60
  cpu/genblk2_pcpi_div/DP_OP_53J3_125_7987/U78/CO (SAEDRVT14_ADDF_V1_0P5)
                                                          0.06       1.76 f    0.60
  cpu/genblk2_pcpi_div/DP_OP_53J3_125_7987/U77/CO (SAEDRVT14_ADDF_V1_0P5)
                                                          0.06       1.82 f    0.60
  cpu/genblk2_pcpi_div/DP_OP_53J3_125_7987/U76/CO (SAEDRVT14_ADDF_V1_0P5)
                                                          0.06       1.88 f    0.60
  cpu/genblk2_pcpi_div/DP_OP_53J3_125_7987/U75/CO (SAEDRVT14_ADDF_V1_0P5)
                                                          0.06       1.94 f    0.60
  cpu/genblk2_pcpi_div/DP_OP_53J3_125_7987/U74/CO (SAEDRVT14_ADDF_V1_0P5)
                                                          0.06       2.00 f    0.60
  cpu/genblk2_pcpi_div/DP_OP_53J3_125_7987/U73/CO (SAEDRVT14_ADDF_V1_0P5)
                                                          0.06       2.06 f    0.60
  cpu/genblk2_pcpi_div/DP_OP_53J3_125_7987/U72/CO (SAEDRVT14_ADDF_V1_0P5)
                                                          0.06       2.12 f    0.60
  cpu/genblk2_pcpi_div/DP_OP_53J3_125_7987/U98/CO (SAEDRVT14_ADDF_V1_0P5)
                                                          0.06       2.18 f    0.60
  cpu/genblk2_pcpi_div/DP_OP_53J3_125_7987/U71/CO (SAEDRVT14_ADDF_V1_0P5)
                                                          0.06       2.24 f    0.60
  cpu/genblk2_pcpi_div/DP_OP_53J3_125_7987/U70/CO (SAEDRVT14_ADDF_V1_0P5)
                                                          0.06       2.30 f    0.60
  cpu/genblk2_pcpi_div/DP_OP_53J3_125_7987/U134/X (SAEDRVT14_EO2_V1_0P75)
                                                          0.03       2.33 f    0.60
  cpu/genblk2_pcpi_div/DP_OP_53J3_125_7987/O1[31] (picorv32_pcpi_div_DP_OP_53J3_125_7987_J3_0)
                                                          0.00       2.33 f    
  cpu/genblk2_pcpi_div/U404/X (SAEDRVT14_INV_0P5)         0.01       2.34 r    0.60
  cpu/genblk2_pcpi_div/U406/X (SAEDRVT14_OAI22_0P5)       0.02       2.36 f    0.60
  cpu/genblk2_pcpi_div/dividend_reg_31_/D (SAEDRVT14_FSDPQ_V2LP_1)
                                                          0.00       2.36 f    0.60
  data arrival time                                                  2.36      

  clock pll_clk (rise edge)                               4.00       4.00      
  clock network delay (ideal)                             0.10       4.10      
  clock uncertainty                                      -1.00       3.10      
  cpu/genblk2_pcpi_div/dividend_reg_31_/CK (SAEDRVT14_FSDPQ_V2LP_1)
                                                          0.00       3.10 r    
  library setup time                                     -0.04       3.06      
  data required time                                                 3.06      
  ------------------------------------------------------------------------------------
  data required time                                                 3.06      
  data arrival time                                                 -2.36      
  ------------------------------------------------------------------------------------
  slack (MET)                                                        0.70      


1
